<?xml version="1.0" encoding="UTF-8"?>
<testsuite xmlns:xsi="http://www.w3.org/2001/XMLSchema-instance" xsi:noNamespaceSchemaLocation="https://maven.apache.org/surefire/maven-surefire-plugin/xsd/surefire-test-report.xsd" name="demo.PersonalBlogApplicationTests" time="0.088" tests="3" errors="3" skipped="0" failures="0">
  <properties>
    <property name="sun.desktop" value="windows"/>
    <property name="awt.toolkit" value="sun.awt.windows.WToolkit"/>
    <property name="file.encoding.pkg" value="sun.io"/>
    <property name="java.specification.version" value="1.8"/>
    <property name="sun.cpu.isalist" value="amd64"/>
    <property name="sun.jnu.encoding" value="GBK"/>
    <property name="java.class.path" value="F:\大三上学期\大三上学期JavaEE\springboot\个人博客项目\personal_blog\target\test-classes;F:\大三上学期\大三上学期JavaEE\springboot\个人博客项目\personal_blog\target\classes;F:\IDEA\apache-maven-3.3.9-bin\apache-maven-3.3.9\conf\repository\org\springframework\boot\spring-boot-starter-aop\1.5.7.RELEASE\spring-boot-starter-aop-1.5.7.RELEASE.jar;F:\IDEA\apache-maven-3.3.9-bin\apache-maven-3.3.9\conf\repository\org\springframework\boot\spring-boot-starter\1.5.7.RELEASE\spring-boot-starter-1.5.7.RELEASE.jar;F:\IDEA\apache-maven-3.3.9-bin\apache-maven-3.3.9\conf\repository\org\springframework\boot\spring-boot-starter-logging\1.5.7.RELEASE\spring-boot-starter-logging-1.5.7.RELEASE.jar;F:\IDEA\apache-maven-3.3.9-bin\apache-maven-3.3.9\conf\repository\ch\qos\logback\logback-classic\1.1.11\logback-classic-1.1.11.jar;F:\IDEA\apache-maven-3.3.9-bin\apache-maven-3.3.9\conf\repository\ch\qos\logback\logback-core\1.1.11\logback-core-1.1.11.jar;F:\IDEA\apache-maven-3.3.9-bin\apache-maven-3.3.9\conf\repository\org\slf4j\jul-to-slf4j\1.7.25\jul-to-slf4j-1.7.25.jar;F:\IDEA\apache-maven-3.3.9-bin\apache-maven-3.3.9\conf\repository\org\slf4j\log4j-over-slf4j\1.7.25\log4j-over-slf4j-1.7.25.jar;F:\IDEA\apache-maven-3.3.9-bin\apache-maven-3.3.9\conf\repository\org\yaml\snakeyaml\1.17\snakeyaml-1.17.jar;F:\IDEA\apache-maven-3.3.9-bin\apache-maven-3.3.9\conf\repository\org\springframework\spring-aop\4.3.11.RELEASE\spring-aop-4.3.11.RELEASE.jar;F:\IDEA\apache-maven-3.3.9-bin\apache-maven-3.3.9\conf\repository\org\springframework\spring-beans\4.3.11.RELEASE\spring-beans-4.3.11.RELEASE.jar;F:\IDEA\apache-maven-3.3.9-bin\apache-maven-3.3.9\conf\repository\org\aspectj\aspectjweaver\1.8.10\aspectjweaver-1.8.10.jar;F:\IDEA\apache-maven-3.3.9-bin\apache-maven-3.3.9\conf\repository\org\springframework\boot\spring-boot-starter-data-jpa\1.5.7.RELEASE\spring-boot-starter-data-jpa-1.5.7.RELEASE.jar;F:\IDEA\apache-maven-3.3.9-bin\apache-maven-3.3.9\conf\repository\org\springframework\boot\spring-boot-starter-jdbc\1.5.7.RELEASE\spring-boot-starter-jdbc-1.5.7.RELEASE.jar;F:\IDEA\apache-maven-3.3.9-bin\apache-maven-3.3.9\conf\repository\org\apache\tomcat\tomcat-jdbc\8.5.20\tomcat-jdbc-8.5.20.jar;F:\IDEA\apache-maven-3.3.9-bin\apache-maven-3.3.9\conf\repository\org\apache\tomcat\tomcat-juli\8.5.20\tomcat-juli-8.5.20.jar;F:\IDEA\apache-maven-3.3.9-bin\apache-maven-3.3.9\conf\repository\org\springframework\spring-jdbc\4.3.11.RELEASE\spring-jdbc-4.3.11.RELEASE.jar;F:\IDEA\apache-maven-3.3.9-bin\apache-maven-3.3.9\conf\repository\org\hibernate\hibernate-core\5.0.12.Final\hibernate-core-5.0.12.Final.jar;F:\IDEA\apache-maven-3.3.9-bin\apache-maven-3.3.9\conf\repository\org\jboss\logging\jboss-logging\3.3.1.Final\jboss-logging-3.3.1.Final.jar;F:\IDEA\apache-maven-3.3.9-bin\apache-maven-3.3.9\conf\repository\org\hibernate\javax\persistence\hibernate-jpa-2.1-api\1.0.0.Final\hibernate-jpa-2.1-api-1.0.0.Final.jar;F:\IDEA\apache-maven-3.3.9-bin\apache-maven-3.3.9\conf\repository\org\javassist\javassist\3.21.0-GA\javassist-3.21.0-GA.jar;F:\IDEA\apache-maven-3.3.9-bin\apache-maven-3.3.9\conf\repository\antlr\antlr\2.7.7\antlr-2.7.7.jar;F:\IDEA\apache-maven-3.3.9-bin\apache-maven-3.3.9\conf\repository\org\jboss\jandex\2.0.0.Final\jandex-2.0.0.Final.jar;F:\IDEA\apache-maven-3.3.9-bin\apache-maven-3.3.9\conf\repository\dom4j\dom4j\1.6.1\dom4j-1.6.1.jar;F:\IDEA\apache-maven-3.3.9-bin\apache-maven-3.3.9\conf\repository\org\hibernate\common\hibernate-commons-annotations\5.0.1.Final\hibernate-commons-annotations-5.0.1.Final.jar;F:\IDEA\apache-maven-3.3.9-bin\apache-maven-3.3.9\conf\repository\org\hibernate\hibernate-entitymanager\5.0.12.Final\hibernate-entitymanager-5.0.12.Final.jar;F:\IDEA\apache-maven-3.3.9-bin\apache-maven-3.3.9\conf\repository\javax\transaction\javax.transaction-api\1.2\javax.transaction-api-1.2.jar;F:\IDEA\apache-maven-3.3.9-bin\apache-maven-3.3.9\conf\repository\org\springframework\data\spring-data-jpa\1.11.7.RELEASE\spring-data-jpa-1.11.7.RELEASE.jar;F:\IDEA\apache-maven-3.3.9-bin\apache-maven-3.3.9\conf\repository\org\springframework\data\spring-data-commons\1.13.7.RELEASE\spring-data-commons-1.13.7.RELEASE.jar;F:\IDEA\apache-maven-3.3.9-bin\apache-maven-3.3.9\conf\repository\org\springframework\spring-orm\4.3.11.RELEASE\spring-orm-4.3.11.RELEASE.jar;F:\IDEA\apache-maven-3.3.9-bin\apache-maven-3.3.9\conf\repository\org\springframework\spring-context\4.3.11.RELEASE\spring-context-4.3.11.RELEASE.jar;F:\IDEA\apache-maven-3.3.9-bin\apache-maven-3.3.9\conf\repository\org\springframework\spring-tx\4.3.11.RELEASE\spring-tx-4.3.11.RELEASE.jar;F:\IDEA\apache-maven-3.3.9-bin\apache-maven-3.3.9\conf\repository\org\slf4j\slf4j-api\1.7.25\slf4j-api-1.7.25.jar;F:\IDEA\apache-maven-3.3.9-bin\apache-maven-3.3.9\conf\repository\org\slf4j\jcl-over-slf4j\1.7.25\jcl-over-slf4j-1.7.25.jar;F:\IDEA\apache-maven-3.3.9-bin\apache-maven-3.3.9\conf\repository\org\springframework\spring-aspects\4.3.11.RELEASE\spring-aspects-4.3.11.RELEASE.jar;F:\IDEA\apache-maven-3.3.9-bin\apache-maven-3.3.9\conf\repository\org\springframework\boot\spring-boot-starter-thymeleaf\1.5.7.RELEASE\spring-boot-starter-thymeleaf-1.5.7.RELEASE.jar;F:\IDEA\apache-maven-3.3.9-bin\apache-maven-3.3.9\conf\repository\org\thymeleaf\thymeleaf-spring4\3.0.2.RELEASE\thymeleaf-spring4-3.0.2.RELEASE.jar;F:\IDEA\apache-maven-3.3.9-bin\apache-maven-3.3.9\conf\repository\org\thymeleaf\thymeleaf\3.0.2.RELEASE\thymeleaf-3.0.2.RELEASE.jar;F:\IDEA\apache-maven-3.3.9-bin\apache-maven-3.3.9\conf\repository\org\attoparser\attoparser\2.0.1.RELEASE\attoparser-2.0.1.RELEASE.jar;F:\IDEA\apache-maven-3.3.9-bin\apache-maven-3.3.9\conf\repository\org\unbescape\unbescape\1.1.4.RELEASE\unbescape-1.1.4.RELEASE.jar;F:\IDEA\apache-maven-3.3.9-bin\apache-maven-3.3.9\conf\repository\nz\net\ultraq\thymeleaf\thymeleaf-layout-dialect\2.1.1\thymeleaf-layout-dialect-2.1.1.jar;F:\IDEA\apache-maven-3.3.9-bin\apache-maven-3.3.9\conf\repository\org\codehaus\groovy\groovy\2.4.12\groovy-2.4.12.jar;F:\IDEA\apache-maven-3.3.9-bin\apache-maven-3.3.9\conf\repository\nz\net\ultraq\thymeleaf\thymeleaf-expression-processor\1.1.2\thymeleaf-expression-processor-1.1.2.jar;F:\IDEA\apache-maven-3.3.9-bin\apache-maven-3.3.9\conf\repository\org\webjars\bootstrap\4.3.1\bootstrap-4.3.1.jar;F:\IDEA\apache-maven-3.3.9-bin\apache-maven-3.3.9\conf\repository\org\webjars\jquery\3.0.0\jquery-3.0.0.jar;F:\IDEA\apache-maven-3.3.9-bin\apache-maven-3.3.9\conf\repository\org\webjars\popper.js\1.14.3\popper.js-1.14.3.jar;F:\IDEA\apache-maven-3.3.9-bin\apache-maven-3.3.9\conf\repository\org\springframework\boot\spring-boot-starter-web\1.5.7.RELEASE\spring-boot-starter-web-1.5.7.RELEASE.jar;F:\IDEA\apache-maven-3.3.9-bin\apache-maven-3.3.9\conf\repository\org\springframework\boot\spring-boot-starter-tomcat\1.5.7.RELEASE\spring-boot-starter-tomcat-1.5.7.RELEASE.jar;F:\IDEA\apache-maven-3.3.9-bin\apache-maven-3.3.9\conf\repository\org\apache\tomcat\embed\tomcat-embed-core\8.5.20\tomcat-embed-core-8.5.20.jar;F:\IDEA\apache-maven-3.3.9-bin\apache-maven-3.3.9\conf\repository\org\apache\tomcat\embed\tomcat-embed-el\8.5.20\tomcat-embed-el-8.5.20.jar;F:\IDEA\apache-maven-3.3.9-bin\apache-maven-3.3.9\conf\repository\org\apache\tomcat\embed\tomcat-embed-websocket\8.5.20\tomcat-embed-websocket-8.5.20.jar;F:\IDEA\apache-maven-3.3.9-bin\apache-maven-3.3.9\conf\repository\org\hibernate\hibernate-validator\5.3.5.Final\hibernate-validator-5.3.5.Final.jar;F:\IDEA\apache-maven-3.3.9-bin\apache-maven-3.3.9\conf\repository\javax\validation\validation-api\1.1.0.Final\validation-api-1.1.0.Final.jar;F:\IDEA\apache-maven-3.3.9-bin\apache-maven-3.3.9\conf\repository\com\fasterxml\classmate\1.3.4\classmate-1.3.4.jar;F:\IDEA\apache-maven-3.3.9-bin\apache-maven-3.3.9\conf\repository\com\fasterxml\jackson\core\jackson-databind\2.8.10\jackson-databind-2.8.10.jar;F:\IDEA\apache-maven-3.3.9-bin\apache-maven-3.3.9\conf\repository\com\fasterxml\jackson\core\jackson-annotations\2.8.0\jackson-annotations-2.8.0.jar;F:\IDEA\apache-maven-3.3.9-bin\apache-maven-3.3.9\conf\repository\com\fasterxml\jackson\core\jackson-core\2.8.10\jackson-core-2.8.10.jar;F:\IDEA\apache-maven-3.3.9-bin\apache-maven-3.3.9\conf\repository\org\springframework\spring-web\4.3.11.RELEASE\spring-web-4.3.11.RELEASE.jar;F:\IDEA\apache-maven-3.3.9-bin\apache-maven-3.3.9\conf\repository\org\springframework\spring-webmvc\4.3.11.RELEASE\spring-webmvc-4.3.11.RELEASE.jar;F:\IDEA\apache-maven-3.3.9-bin\apache-maven-3.3.9\conf\repository\org\springframework\spring-expression\4.3.11.RELEASE\spring-expression-4.3.11.RELEASE.jar;F:\IDEA\apache-maven-3.3.9-bin\apache-maven-3.3.9\conf\repository\com\atlassian\commonmark\commonmark\0.10.0\commonmark-0.10.0.jar;F:\IDEA\apache-maven-3.3.9-bin\apache-maven-3.3.9\conf\repository\com\atlassian\commonmark\commonmark-ext-heading-anchor\0.10.0\commonmark-ext-heading-anchor-0.10.0.jar;F:\IDEA\apache-maven-3.3.9-bin\apache-maven-3.3.9\conf\repository\com\atlassian\commonmark\commonmark-ext-gfm-tables\0.10.0\commonmark-ext-gfm-tables-0.10.0.jar;F:\IDEA\apache-maven-3.3.9-bin\apache-maven-3.3.9\conf\repository\org\springframework\boot\spring-boot-devtools\1.5.7.RELEASE\spring-boot-devtools-1.5.7.RELEASE.jar;F:\IDEA\apache-maven-3.3.9-bin\apache-maven-3.3.9\conf\repository\org\springframework\boot\spring-boot\1.5.7.RELEASE\spring-boot-1.5.7.RELEASE.jar;F:\IDEA\apache-maven-3.3.9-bin\apache-maven-3.3.9\conf\repository\org\springframework\boot\spring-boot-autoconfigure\1.5.7.RELEASE\spring-boot-autoconfigure-1.5.7.RELEASE.jar;F:\IDEA\apache-maven-3.3.9-bin\apache-maven-3.3.9\conf\repository\mysql\mysql-connector-java\8.0.13\mysql-connector-java-8.0.13.jar;F:\IDEA\apache-maven-3.3.9-bin\apache-maven-3.3.9\conf\repository\com\google\protobuf\protobuf-java\3.6.1\protobuf-java-3.6.1.jar;F:\IDEA\apache-maven-3.3.9-bin\apache-maven-3.3.9\conf\repository\org\springframework\boot\spring-boot-starter-test\1.5.7.RELEASE\spring-boot-starter-test-1.5.7.RELEASE.jar;F:\IDEA\apache-maven-3.3.9-bin\apache-maven-3.3.9\conf\repository\org\springframework\boot\spring-boot-test\1.5.7.RELEASE\spring-boot-test-1.5.7.RELEASE.jar;F:\IDEA\apache-maven-3.3.9-bin\apache-maven-3.3.9\conf\repository\org\springframework\boot\spring-boot-test-autoconfigure\1.5.7.RELEASE\spring-boot-test-autoconfigure-1.5.7.RELEASE.jar;F:\IDEA\apache-maven-3.3.9-bin\apache-maven-3.3.9\conf\repository\com\jayway\jsonpath\json-path\2.2.0\json-path-2.2.0.jar;F:\IDEA\apache-maven-3.3.9-bin\apache-maven-3.3.9\conf\repository\net\minidev\json-smart\2.2.1\json-smart-2.2.1.jar;F:\IDEA\apache-maven-3.3.9-bin\apache-maven-3.3.9\conf\repository\net\minidev\accessors-smart\1.1\accessors-smart-1.1.jar;F:\IDEA\apache-maven-3.3.9-bin\apache-maven-3.3.9\conf\repository\org\ow2\asm\asm\5.0.3\asm-5.0.3.jar;F:\IDEA\apache-maven-3.3.9-bin\apache-maven-3.3.9\conf\repository\junit\junit\4.12\junit-4.12.jar;F:\IDEA\apache-maven-3.3.9-bin\apache-maven-3.3.9\conf\repository\org\assertj\assertj-core\2.6.0\assertj-core-2.6.0.jar;F:\IDEA\apache-maven-3.3.9-bin\apache-maven-3.3.9\conf\repository\org\mockito\mockito-core\1.10.19\mockito-core-1.10.19.jar;F:\IDEA\apache-maven-3.3.9-bin\apache-maven-3.3.9\conf\repository\org\objenesis\objenesis\2.1\objenesis-2.1.jar;F:\IDEA\apache-maven-3.3.9-bin\apache-maven-3.3.9\conf\repository\org\hamcrest\hamcrest-core\1.3\hamcrest-core-1.3.jar;F:\IDEA\apache-maven-3.3.9-bin\apache-maven-3.3.9\conf\repository\org\hamcrest\hamcrest-library\1.3\hamcrest-library-1.3.jar;F:\IDEA\apache-maven-3.3.9-bin\apache-maven-3.3.9\conf\repository\org\skyscreamer\jsonassert\1.4.0\jsonassert-1.4.0.jar;F:\IDEA\apache-maven-3.3.9-bin\apache-maven-3.3.9\conf\repository\com\vaadin\external\google\android-json\0.0.20131108.vaadin1\android-json-0.0.20131108.vaadin1.jar;F:\IDEA\apache-maven-3.3.9-bin\apache-maven-3.3.9\conf\repository\org\springframework\spring-core\4.3.11.RELEASE\spring-core-4.3.11.RELEASE.jar;F:\IDEA\apache-maven-3.3.9-bin\apache-maven-3.3.9\conf\repository\org\springframework\spring-test\4.3.11.RELEASE\spring-test-4.3.11.RELEASE.jar;F:\IDEA\apache-maven-3.3.9-bin\apache-maven-3.3.9\conf\repository\org\projectlombok\lombok\1.16.10\lombok-1.16.10.jar;"/>
    <property name="java.vm.vendor" value="Oracle Corporation"/>
    <property name="sun.arch.data.model" value="64"/>
    <property name="user.variant" value=""/>
    <property name="java.vendor.url" value="http://java.oracle.com/"/>
    <property name="user.timezone" value=""/>
    <property name="java.vm.specification.version" value="1.8"/>
    <property name="os.name" value="Windows 10"/>
    <property name="user.country" value="CN"/>
    <property name="sun.java.launcher" value="SUN_STANDARD"/>
    <property name="sun.boot.library.path" value="C:\Program Files\Java\jdk1.8.0_211\jre\bin"/>
    <property name="sun.java.command" value="C:\Users\大哥你~1\AppData\Local\Temp\surefire5549451852154451877\surefirebooter7125497064173246263.jar C:\Users\大哥 你好\AppData\Local\Temp\surefire5549451852154451877 2020-01-20T14-09-25_507-jvmRun1 surefire5940349630638414360tmp surefire_06259965052174302642tmp"/>
    <property name="surefire.test.class.path" value="F:\大三上学期\大三上学期JavaEE\springboot\个人博客项目\personal_blog\target\test-classes;F:\大三上学期\大三上学期JavaEE\springboot\个人博客项目\personal_blog\target\classes;F:\IDEA\apache-maven-3.3.9-bin\apache-maven-3.3.9\conf\repository\org\springframework\boot\spring-boot-starter-aop\1.5.7.RELEASE\spring-boot-starter-aop-1.5.7.RELEASE.jar;F:\IDEA\apache-maven-3.3.9-bin\apache-maven-3.3.9\conf\repository\org\springframework\boot\spring-boot-starter\1.5.7.RELEASE\spring-boot-starter-1.5.7.RELEASE.jar;F:\IDEA\apache-maven-3.3.9-bin\apache-maven-3.3.9\conf\repository\org\springframework\boot\spring-boot-starter-logging\1.5.7.RELEASE\spring-boot-starter-logging-1.5.7.RELEASE.jar;F:\IDEA\apache-maven-3.3.9-bin\apache-maven-3.3.9\conf\repository\ch\qos\logback\logback-classic\1.1.11\logback-classic-1.1.11.jar;F:\IDEA\apache-maven-3.3.9-bin\apache-maven-3.3.9\conf\repository\ch\qos\logback\logback-core\1.1.11\logback-core-1.1.11.jar;F:\IDEA\apache-maven-3.3.9-bin\apache-maven-3.3.9\conf\repository\org\slf4j\jul-to-slf4j\1.7.25\jul-to-slf4j-1.7.25.jar;F:\IDEA\apache-maven-3.3.9-bin\apache-maven-3.3.9\conf\repository\org\slf4j\log4j-over-slf4j\1.7.25\log4j-over-slf4j-1.7.25.jar;F:\IDEA\apache-maven-3.3.9-bin\apache-maven-3.3.9\conf\repository\org\yaml\snakeyaml\1.17\snakeyaml-1.17.jar;F:\IDEA\apache-maven-3.3.9-bin\apache-maven-3.3.9\conf\repository\org\springframework\spring-aop\4.3.11.RELEASE\spring-aop-4.3.11.RELEASE.jar;F:\IDEA\apache-maven-3.3.9-bin\apache-maven-3.3.9\conf\repository\org\springframework\spring-beans\4.3.11.RELEASE\spring-beans-4.3.11.RELEASE.jar;F:\IDEA\apache-maven-3.3.9-bin\apache-maven-3.3.9\conf\repository\org\aspectj\aspectjweaver\1.8.10\aspectjweaver-1.8.10.jar;F:\IDEA\apache-maven-3.3.9-bin\apache-maven-3.3.9\conf\repository\org\springframework\boot\spring-boot-starter-data-jpa\1.5.7.RELEASE\spring-boot-starter-data-jpa-1.5.7.RELEASE.jar;F:\IDEA\apache-maven-3.3.9-bin\apache-maven-3.3.9\conf\repository\org\springframework\boot\spring-boot-starter-jdbc\1.5.7.RELEASE\spring-boot-starter-jdbc-1.5.7.RELEASE.jar;F:\IDEA\apache-maven-3.3.9-bin\apache-maven-3.3.9\conf\repository\org\apache\tomcat\tomcat-jdbc\8.5.20\tomcat-jdbc-8.5.20.jar;F:\IDEA\apache-maven-3.3.9-bin\apache-maven-3.3.9\conf\repository\org\apache\tomcat\tomcat-juli\8.5.20\tomcat-juli-8.5.20.jar;F:\IDEA\apache-maven-3.3.9-bin\apache-maven-3.3.9\conf\repository\org\springframework\spring-jdbc\4.3.11.RELEASE\spring-jdbc-4.3.11.RELEASE.jar;F:\IDEA\apache-maven-3.3.9-bin\apache-maven-3.3.9\conf\repository\org\hibernate\hibernate-core\5.0.12.Final\hibernate-core-5.0.12.Final.jar;F:\IDEA\apache-maven-3.3.9-bin\apache-maven-3.3.9\conf\repository\org\jboss\logging\jboss-logging\3.3.1.Final\jboss-logging-3.3.1.Final.jar;F:\IDEA\apache-maven-3.3.9-bin\apache-maven-3.3.9\conf\repository\org\hibernate\javax\persistence\hibernate-jpa-2.1-api\1.0.0.Final\hibernate-jpa-2.1-api-1.0.0.Final.jar;F:\IDEA\apache-maven-3.3.9-bin\apache-maven-3.3.9\conf\repository\org\javassist\javassist\3.21.0-GA\javassist-3.21.0-GA.jar;F:\IDEA\apache-maven-3.3.9-bin\apache-maven-3.3.9\conf\repository\antlr\antlr\2.7.7\antlr-2.7.7.jar;F:\IDEA\apache-maven-3.3.9-bin\apache-maven-3.3.9\conf\repository\org\jboss\jandex\2.0.0.Final\jandex-2.0.0.Final.jar;F:\IDEA\apache-maven-3.3.9-bin\apache-maven-3.3.9\conf\repository\dom4j\dom4j\1.6.1\dom4j-1.6.1.jar;F:\IDEA\apache-maven-3.3.9-bin\apache-maven-3.3.9\conf\repository\org\hibernate\common\hibernate-commons-annotations\5.0.1.Final\hibernate-commons-annotations-5.0.1.Final.jar;F:\IDEA\apache-maven-3.3.9-bin\apache-maven-3.3.9\conf\repository\org\hibernate\hibernate-entitymanager\5.0.12.Final\hibernate-entitymanager-5.0.12.Final.jar;F:\IDEA\apache-maven-3.3.9-bin\apache-maven-3.3.9\conf\repository\javax\transaction\javax.transaction-api\1.2\javax.transaction-api-1.2.jar;F:\IDEA\apache-maven-3.3.9-bin\apache-maven-3.3.9\conf\repository\org\springframework\data\spring-data-jpa\1.11.7.RELEASE\spring-data-jpa-1.11.7.RELEASE.jar;F:\IDEA\apache-maven-3.3.9-bin\apache-maven-3.3.9\conf\repository\org\springframework\data\spring-data-commons\1.13.7.RELEASE\spring-data-commons-1.13.7.RELEASE.jar;F:\IDEA\apache-maven-3.3.9-bin\apache-maven-3.3.9\conf\repository\org\springframework\spring-orm\4.3.11.RELEASE\spring-orm-4.3.11.RELEASE.jar;F:\IDEA\apache-maven-3.3.9-bin\apache-maven-3.3.9\conf\repository\org\springframework\spring-context\4.3.11.RELEASE\spring-context-4.3.11.RELEASE.jar;F:\IDEA\apache-maven-3.3.9-bin\apache-maven-3.3.9\conf\repository\org\springframework\spring-tx\4.3.11.RELEASE\spring-tx-4.3.11.RELEASE.jar;F:\IDEA\apache-maven-3.3.9-bin\apache-maven-3.3.9\conf\repository\org\slf4j\slf4j-api\1.7.25\slf4j-api-1.7.25.jar;F:\IDEA\apache-maven-3.3.9-bin\apache-maven-3.3.9\conf\repository\org\slf4j\jcl-over-slf4j\1.7.25\jcl-over-slf4j-1.7.25.jar;F:\IDEA\apache-maven-3.3.9-bin\apache-maven-3.3.9\conf\repository\org\springframework\spring-aspects\4.3.11.RELEASE\spring-aspects-4.3.11.RELEASE.jar;F:\IDEA\apache-maven-3.3.9-bin\apache-maven-3.3.9\conf\repository\org\springframework\boot\spring-boot-starter-thymeleaf\1.5.7.RELEASE\spring-boot-starter-thymeleaf-1.5.7.RELEASE.jar;F:\IDEA\apache-maven-3.3.9-bin\apache-maven-3.3.9\conf\repository\org\thymeleaf\thymeleaf-spring4\3.0.2.RELEASE\thymeleaf-spring4-3.0.2.RELEASE.jar;F:\IDEA\apache-maven-3.3.9-bin\apache-maven-3.3.9\conf\repository\org\thymeleaf\thymeleaf\3.0.2.RELEASE\thymeleaf-3.0.2.RELEASE.jar;F:\IDEA\apache-maven-3.3.9-bin\apache-maven-3.3.9\conf\repository\org\attoparser\attoparser\2.0.1.RELEASE\attoparser-2.0.1.RELEASE.jar;F:\IDEA\apache-maven-3.3.9-bin\apache-maven-3.3.9\conf\repository\org\unbescape\unbescape\1.1.4.RELEASE\unbescape-1.1.4.RELEASE.jar;F:\IDEA\apache-maven-3.3.9-bin\apache-maven-3.3.9\conf\repository\nz\net\ultraq\thymeleaf\thymeleaf-layout-dialect\2.1.1\thymeleaf-layout-dialect-2.1.1.jar;F:\IDEA\apache-maven-3.3.9-bin\apache-maven-3.3.9\conf\repository\org\codehaus\groovy\groovy\2.4.12\groovy-2.4.12.jar;F:\IDEA\apache-maven-3.3.9-bin\apache-maven-3.3.9\conf\repository\nz\net\ultraq\thymeleaf\thymeleaf-expression-processor\1.1.2\thymeleaf-expression-processor-1.1.2.jar;F:\IDEA\apache-maven-3.3.9-bin\apache-maven-3.3.9\conf\repository\org\webjars\bootstrap\4.3.1\bootstrap-4.3.1.jar;F:\IDEA\apache-maven-3.3.9-bin\apache-maven-3.3.9\conf\repository\org\webjars\jquery\3.0.0\jquery-3.0.0.jar;F:\IDEA\apache-maven-3.3.9-bin\apache-maven-3.3.9\conf\repository\org\webjars\popper.js\1.14.3\popper.js-1.14.3.jar;F:\IDEA\apache-maven-3.3.9-bin\apache-maven-3.3.9\conf\repository\org\springframework\boot\spring-boot-starter-web\1.5.7.RELEASE\spring-boot-starter-web-1.5.7.RELEASE.jar;F:\IDEA\apache-maven-3.3.9-bin\apache-maven-3.3.9\conf\repository\org\springframework\boot\spring-boot-starter-tomcat\1.5.7.RELEASE\spring-boot-starter-tomcat-1.5.7.RELEASE.jar;F:\IDEA\apache-maven-3.3.9-bin\apache-maven-3.3.9\conf\repository\org\apache\tomcat\embed\tomcat-embed-core\8.5.20\tomcat-embed-core-8.5.20.jar;F:\IDEA\apache-maven-3.3.9-bin\apache-maven-3.3.9\conf\repository\org\apache\tomcat\embed\tomcat-embed-el\8.5.20\tomcat-embed-el-8.5.20.jar;F:\IDEA\apache-maven-3.3.9-bin\apache-maven-3.3.9\conf\repository\org\apache\tomcat\embed\tomcat-embed-websocket\8.5.20\tomcat-embed-websocket-8.5.20.jar;F:\IDEA\apache-maven-3.3.9-bin\apache-maven-3.3.9\conf\repository\org\hibernate\hibernate-validator\5.3.5.Final\hibernate-validator-5.3.5.Final.jar;F:\IDEA\apache-maven-3.3.9-bin\apache-maven-3.3.9\conf\repository\javax\validation\validation-api\1.1.0.Final\validation-api-1.1.0.Final.jar;F:\IDEA\apache-maven-3.3.9-bin\apache-maven-3.3.9\conf\repository\com\fasterxml\classmate\1.3.4\classmate-1.3.4.jar;F:\IDEA\apache-maven-3.3.9-bin\apache-maven-3.3.9\conf\repository\com\fasterxml\jackson\core\jackson-databind\2.8.10\jackson-databind-2.8.10.jar;F:\IDEA\apache-maven-3.3.9-bin\apache-maven-3.3.9\conf\repository\com\fasterxml\jackson\core\jackson-annotations\2.8.0\jackson-annotations-2.8.0.jar;F:\IDEA\apache-maven-3.3.9-bin\apache-maven-3.3.9\conf\repository\com\fasterxml\jackson\core\jackson-core\2.8.10\jackson-core-2.8.10.jar;F:\IDEA\apache-maven-3.3.9-bin\apache-maven-3.3.9\conf\repository\org\springframework\spring-web\4.3.11.RELEASE\spring-web-4.3.11.RELEASE.jar;F:\IDEA\apache-maven-3.3.9-bin\apache-maven-3.3.9\conf\repository\org\springframework\spring-webmvc\4.3.11.RELEASE\spring-webmvc-4.3.11.RELEASE.jar;F:\IDEA\apache-maven-3.3.9-bin\apache-maven-3.3.9\conf\repository\org\springframework\spring-expression\4.3.11.RELEASE\spring-expression-4.3.11.RELEASE.jar;F:\IDEA\apache-maven-3.3.9-bin\apache-maven-3.3.9\conf\repository\com\atlassian\commonmark\commonmark\0.10.0\commonmark-0.10.0.jar;F:\IDEA\apache-maven-3.3.9-bin\apache-maven-3.3.9\conf\repository\com\atlassian\commonmark\commonmark-ext-heading-anchor\0.10.0\commonmark-ext-heading-anchor-0.10.0.jar;F:\IDEA\apache-maven-3.3.9-bin\apache-maven-3.3.9\conf\repository\com\atlassian\commonmark\commonmark-ext-gfm-tables\0.10.0\commonmark-ext-gfm-tables-0.10.0.jar;F:\IDEA\apache-maven-3.3.9-bin\apache-maven-3.3.9\conf\repository\org\springframework\boot\spring-boot-devtools\1.5.7.RELEASE\spring-boot-devtools-1.5.7.RELEASE.jar;F:\IDEA\apache-maven-3.3.9-bin\apache-maven-3.3.9\conf\repository\org\springframework\boot\spring-boot\1.5.7.RELEASE\spring-boot-1.5.7.RELEASE.jar;F:\IDEA\apache-maven-3.3.9-bin\apache-maven-3.3.9\conf\repository\org\springframework\boot\spring-boot-autoconfigure\1.5.7.RELEASE\spring-boot-autoconfigure-1.5.7.RELEASE.jar;F:\IDEA\apache-maven-3.3.9-bin\apache-maven-3.3.9\conf\repository\mysql\mysql-connector-java\8.0.13\mysql-connector-java-8.0.13.jar;F:\IDEA\apache-maven-3.3.9-bin\apache-maven-3.3.9\conf\repository\com\google\protobuf\protobuf-java\3.6.1\protobuf-java-3.6.1.jar;F:\IDEA\apache-maven-3.3.9-bin\apache-maven-3.3.9\conf\repository\org\springframework\boot\spring-boot-starter-test\1.5.7.RELEASE\spring-boot-starter-test-1.5.7.RELEASE.jar;F:\IDEA\apache-maven-3.3.9-bin\apache-maven-3.3.9\conf\repository\org\springframework\boot\spring-boot-test\1.5.7.RELEASE\spring-boot-test-1.5.7.RELEASE.jar;F:\IDEA\apache-maven-3.3.9-bin\apache-maven-3.3.9\conf\repository\org\springframework\boot\spring-boot-test-autoconfigure\1.5.7.RELEASE\spring-boot-test-autoconfigure-1.5.7.RELEASE.jar;F:\IDEA\apache-maven-3.3.9-bin\apache-maven-3.3.9\conf\repository\com\jayway\jsonpath\json-path\2.2.0\json-path-2.2.0.jar;F:\IDEA\apache-maven-3.3.9-bin\apache-maven-3.3.9\conf\repository\net\minidev\json-smart\2.2.1\json-smart-2.2.1.jar;F:\IDEA\apache-maven-3.3.9-bin\apache-maven-3.3.9\conf\repository\net\minidev\accessors-smart\1.1\accessors-smart-1.1.jar;F:\IDEA\apache-maven-3.3.9-bin\apache-maven-3.3.9\conf\repository\org\ow2\asm\asm\5.0.3\asm-5.0.3.jar;F:\IDEA\apache-maven-3.3.9-bin\apache-maven-3.3.9\conf\repository\junit\junit\4.12\junit-4.12.jar;F:\IDEA\apache-maven-3.3.9-bin\apache-maven-3.3.9\conf\repository\org\assertj\assertj-core\2.6.0\assertj-core-2.6.0.jar;F:\IDEA\apache-maven-3.3.9-bin\apache-maven-3.3.9\conf\repository\org\mockito\mockito-core\1.10.19\mockito-core-1.10.19.jar;F:\IDEA\apache-maven-3.3.9-bin\apache-maven-3.3.9\conf\repository\org\objenesis\objenesis\2.1\objenesis-2.1.jar;F:\IDEA\apache-maven-3.3.9-bin\apache-maven-3.3.9\conf\repository\org\hamcrest\hamcrest-core\1.3\hamcrest-core-1.3.jar;F:\IDEA\apache-maven-3.3.9-bin\apache-maven-3.3.9\conf\repository\org\hamcrest\hamcrest-library\1.3\hamcrest-library-1.3.jar;F:\IDEA\apache-maven-3.3.9-bin\apache-maven-3.3.9\conf\repository\org\skyscreamer\jsonassert\1.4.0\jsonassert-1.4.0.jar;F:\IDEA\apache-maven-3.3.9-bin\apache-maven-3.3.9\conf\repository\com\vaadin\external\google\android-json\0.0.20131108.vaadin1\android-json-0.0.20131108.vaadin1.jar;F:\IDEA\apache-maven-3.3.9-bin\apache-maven-3.3.9\conf\repository\org\springframework\spring-core\4.3.11.RELEASE\spring-core-4.3.11.RELEASE.jar;F:\IDEA\apache-maven-3.3.9-bin\apache-maven-3.3.9\conf\repository\org\springframework\spring-test\4.3.11.RELEASE\spring-test-4.3.11.RELEASE.jar;F:\IDEA\apache-maven-3.3.9-bin\apache-maven-3.3.9\conf\repository\org\projectlombok\lombok\1.16.10\lombok-1.16.10.jar;"/>
    <property name="sun.cpu.endian" value="little"/>
    <property name="user.home" value="C:\Users\大哥 你好"/>
    <property name="user.language" value="zh"/>
    <property name="java.specification.vendor" value="Oracle Corporation"/>
    <property name="java.home" value="C:\Program Files\Java\jdk1.8.0_211\jre"/>
    <property name="basedir" value="F:\大三上学期\大三上学期JavaEE\springboot\个人博客项目\personal_blog"/>
    <property name="file.separator" value="\"/>
    <property name="line.separator" value="&#10;"/>
    <property name="java.vm.specification.vendor" value="Oracle Corporation"/>
    <property name="java.specification.name" value="Java Platform API Specification"/>
    <property name="java.awt.graphicsenv" value="sun.awt.Win32GraphicsEnvironment"/>
    <property name="surefire.real.class.path" value="C:\Users\大哥你~1\AppData\Local\Temp\surefire5549451852154451877\surefirebooter7125497064173246263.jar"/>
    <property name="sun.boot.class.path" value="C:\Program Files\Java\jdk1.8.0_211\jre\lib\resources.jar;C:\Program Files\Java\jdk1.8.0_211\jre\lib\rt.jar;C:\Program Files\Java\jdk1.8.0_211\jre\lib\sunrsasign.jar;C:\Program Files\Java\jdk1.8.0_211\jre\lib\jsse.jar;C:\Program Files\Java\jdk1.8.0_211\jre\lib\jce.jar;C:\Program Files\Java\jdk1.8.0_211\jre\lib\charsets.jar;C:\Program Files\Java\jdk1.8.0_211\jre\lib\jfr.jar;C:\Program Files\Java\jdk1.8.0_211\jre\classes"/>
    <property name="user.script" value=""/>
    <property name="sun.management.compiler" value="HotSpot 64-Bit Tiered Compilers"/>
    <property name="java.runtime.version" value="1.8.0_211-b12"/>
    <property name="user.name" value="super"/>
    <property name="path.separator" value=";"/>
    <property name="os.version" value="10.0"/>
    <property name="java.endorsed.dirs" value="C:\Program Files\Java\jdk1.8.0_211\jre\lib\endorsed"/>
    <property name="java.runtime.name" value="Java(TM) SE Runtime Environment"/>
    <property name="file.encoding" value="GBK"/>
    <property name="java.vm.name" value="Java HotSpot(TM) 64-Bit Server VM"/>
    <property name="localRepository" value="F:\IDEA\apache-maven-3.3.9-bin\apache-maven-3.3.9\conf\repository"/>
    <property name="java.vendor.url.bug" value="http://bugreport.sun.com/bugreport/"/>
    <property name="java.io.tmpdir" value="C:\Users\大哥你~1\AppData\Local\Temp\"/>
    <property name="idea.version" value="2017.2.2"/>
    <property name="java.version" value="1.8.0_211"/>
    <property name="user.dir" value="F:\大三上学期\大三上学期JavaEE\springboot\个人博客项目\personal_blog"/>
    <property name="os.arch" value="amd64"/>
    <property name="java.vm.specification.name" value="Java Virtual Machine Specification"/>
    <property name="java.awt.printerjob" value="sun.awt.windows.WPrinterJob"/>
    <property name="sun.os.patch.level" value=""/>
    <property name="java.library.path" value="C:\Program Files\Java\jdk1.8.0_211\jre\bin;C:\windows\Sun\Java\bin;C:\windows\system32;C:\windows;C:\Program Files\Java\jdk1.8.0_211\bin;C:\Program Files (x86)\Common Files\Oracle\Java\javapath;C:\windows\system32;C:\windows;C:\windows\System32\Wbem;C:\windows\System32\WindowsPowerShell\v1.0\;C:\windows\System32\OpenSSH\;C:\Program Files\MySQL\MySQL Server 8.0\bin;&quot;;F:\Eclipse\meven\apache-maven-3.3.9\bin&quot;;F:\GitHub\Git\cmd;D:\matlab\runtime\win64;D:\matlab\bin;D:\matlab\polyspace\bin;C:\Program Files\dotnet\;F:\Eclipse\360;F:\Eclipse\meven\apache-maven-3.3.9\bin;C:\Users\大哥 你好\AppData\Local\Programs\Python\Python37\Scripts\;C:\Users\大哥 你好\AppData\Local\Programs\Python\Python37\;C:\Users\大哥 你好\AppData\Local\Microsoft\WindowsApps;C:\Program Files\Java\jdk1.8.0_211\bin;C:\Program Files\MySQL\MySQL Server 8.0\bin;F:\Eclipse\360;;."/>
    <property name="java.vm.info" value="mixed mode"/>
    <property name="java.vendor" value="Oracle Corporation"/>
    <property name="java.vm.version" value="25.211-b12"/>
    <property name="java.ext.dirs" value="C:\Program Files\Java\jdk1.8.0_211\jre\lib\ext;C:\windows\Sun\Java\lib\ext"/>
    <property name="sun.io.unicode.encoding" value="UnicodeLittle"/>
    <property name="maven.repo.local" value="F:\IDEA\apache-maven-3.3.9-bin\apache-maven-3.3.9\conf\repository"/>
    <property name="java.class.version" value="52.0"/>
  </properties>
  <testcase name="initializationError" classname="demo.PersonalBlogApplicationTests" time="0.008">
    <error message="The class demo.PersonalBlogApplicationTests is not public." type="java.lang.Exception">java.lang.Exception: The class demo.PersonalBlogApplicationTests is not public.
</error>
  </testcase>
  <testcase name="initializationError" classname="demo.PersonalBlogApplicationTests" time="0">
    <error message="Test class should have exactly one public constructor" type="java.lang.Exception">java.lang.Exception: Test class should have exactly one public constructor
</error>
  </testcase>
  <testcase name="initializationError" classname="demo.PersonalBlogApplicationTests" time="0.001">
    <error message="Method contextLoads() should be public" type="java.lang.Exception">java.lang.Exception: Method contextLoads() should be public
</error>
  </testcase>
</testsuite>